0 info it worked if it ends with ok
1 verbose cli [ 'node', '/usr/local/bin/npm', 'install' ]
2 info using npm@3.7.1
3 info using node@v0.12.7
4 silly loadCurrentTree Starting
5 silly install loadCurrentTree
6 silly install readLocalPackageData
7 silly install normalizeTree
8 silly loadCurrentTree Finishing
9 silly loadIdealTree Starting
10 silly install loadIdealTree
11 silly cloneCurrentTree Starting
12 silly install cloneCurrentTreeToIdealTree
13 silly cloneCurrentTree Finishing
14 silly loadShrinkwrap Starting
15 silly install loadShrinkwrap
16 silly loadShrinkwrap Finishing
17 silly loadAllDepsIntoIdealTree Starting
18 silly install loadAllDepsIntoIdealTree
19 silly loadAllDepsIntoIdealTree Finishing
20 silly idealTree:prePrune angular-seed@0.0.0
20 silly idealTree:prePrune ├── accepts@1.2.13
20 silly idealTree:prePrune ├── accessibility-developer-tools@2.6.0
20 silly idealTree:prePrune ├── active-x-obfuscator@0.0.1
20 silly idealTree:prePrune ├── adm-zip@0.4.4
20 silly idealTree:prePrune ├─┬ agent-base@2.0.1
20 silly idealTree:prePrune │ └── semver@5.0.3
20 silly idealTree:prePrune ├── amdefine@1.0.0
20 silly idealTree:prePrune ├── ansi-regex@2.0.0
20 silly idealTree:prePrune ├── ansi-styles@2.1.0
20 silly idealTree:prePrune ├── anymatch@1.3.0
20 silly idealTree:prePrune ├── arr-diff@2.0.0
20 silly idealTree:prePrune ├── arr-flatten@1.0.1
20 silly idealTree:prePrune ├── array-unique@0.2.1
20 silly idealTree:prePrune ├── arrify@1.0.1
20 silly idealTree:prePrune ├── asn1@0.1.11
20 silly idealTree:prePrune ├── assert-plus@0.1.5
20 silly idealTree:prePrune ├── async-each@0.1.6
20 silly idealTree:prePrune ├── async@0.2.10
20 silly idealTree:prePrune ├── aws-sign2@0.5.0
20 silly idealTree:prePrune ├── balanced-match@0.3.0
20 silly idealTree:prePrune ├── base64-url@1.2.1
20 silly idealTree:prePrune ├── base64id@0.1.0
20 silly idealTree:prePrune ├── basic-auth-connect@1.0.0
20 silly idealTree:prePrune ├── basic-auth@1.0.3
20 silly idealTree:prePrune ├── batch@0.5.3
20 silly idealTree:prePrune ├── binary-extensions@1.4.0
20 silly idealTree:prePrune ├── bindings@1.2.1
20 silly idealTree:prePrune ├─┬ bl@0.9.5
20 silly idealTree:prePrune │ └── readable-stream@1.0.33
20 silly idealTree:prePrune ├── bluebird@2.10.2
20 silly idealTree:prePrune ├─┬ body-parser@1.13.3
20 silly idealTree:prePrune │ └── qs@4.0.0
20 silly idealTree:prePrune ├── boom@2.10.1
20 silly idealTree:prePrune ├── bower@1.7.7
20 silly idealTree:prePrune ├── brace-expansion@1.1.3
20 silly idealTree:prePrune ├── braces@1.8.3
20 silly idealTree:prePrune ├── bufferutil@1.2.1
20 silly idealTree:prePrune ├── bytes@2.1.0
20 silly idealTree:prePrune ├── caseless@0.10.0
20 silly idealTree:prePrune ├── chalk@1.1.1
20 silly idealTree:prePrune ├── chokidar@1.4.2
20 silly idealTree:prePrune ├── colors@0.6.2
20 silly idealTree:prePrune ├── combined-stream@1.0.5
20 silly idealTree:prePrune ├── commander@2.1.0
20 silly idealTree:prePrune ├── compressible@2.0.7
20 silly idealTree:prePrune ├── compression@1.5.2
20 silly idealTree:prePrune ├── concat-map@0.0.1
20 silly idealTree:prePrune ├── connect-timeout@1.6.2
20 silly idealTree:prePrune ├─┬ connect@2.30.2
20 silly idealTree:prePrune │ └── qs@4.0.0
20 silly idealTree:prePrune ├── content-type@1.0.1
20 silly idealTree:prePrune ├── cookie-parser@1.3.5
20 silly idealTree:prePrune ├── cookie-signature@1.0.6
20 silly idealTree:prePrune ├── cookie@0.1.3
20 silly idealTree:prePrune ├── core-util-is@1.0.2
20 silly idealTree:prePrune ├── crc@3.3.0
20 silly idealTree:prePrune ├── cryptiles@2.0.5
20 silly idealTree:prePrune ├── csrf@3.0.1
20 silly idealTree:prePrune ├── csurf@1.8.3
20 silly idealTree:prePrune ├── ctype@0.5.3
20 silly idealTree:prePrune ├── debug@2.2.0
20 silly idealTree:prePrune ├── deep-equal@1.0.1
20 silly idealTree:prePrune ├── delayed-stream@1.0.0
20 silly idealTree:prePrune ├── depd@1.0.1
20 silly idealTree:prePrune ├── destroy@1.0.4
20 silly idealTree:prePrune ├── di@0.0.1
20 silly idealTree:prePrune ├─┬ ecstatic@0.4.13
20 silly idealTree:prePrune │ └── optimist@0.3.7
20 silly idealTree:prePrune ├── ee-first@1.1.1
20 silly idealTree:prePrune ├── ent@0.0.7
20 silly idealTree:prePrune ├─┬ errorhandler@1.4.3
20 silly idealTree:prePrune │ ├── accepts@1.3.1
20 silly idealTree:prePrune │ └── negotiator@0.6.0
20 silly idealTree:prePrune ├── escape-html@1.0.3
20 silly idealTree:prePrune ├── escape-string-regexp@1.0.4
20 silly idealTree:prePrune ├── etag@1.7.0
20 silly idealTree:prePrune ├── exit@0.1.2
20 silly idealTree:prePrune ├── expand-brackets@0.1.4
20 silly idealTree:prePrune ├── expand-range@1.8.1
20 silly idealTree:prePrune ├─┬ express-session@1.11.3
20 silly idealTree:prePrune │ └── uid-safe@2.0.0
20 silly idealTree:prePrune ├── extend@3.0.0
20 silly idealTree:prePrune ├── extglob@0.3.2
20 silly idealTree:prePrune ├── filename-regex@2.0.0
20 silly idealTree:prePrune ├── fill-range@2.2.3
20 silly idealTree:prePrune ├─┬ finalhandler@0.4.0
20 silly idealTree:prePrune │ └── escape-html@1.0.2
20 silly idealTree:prePrune ├── for-in@0.1.4
20 silly idealTree:prePrune ├── for-own@0.1.3
20 silly idealTree:prePrune ├── forever-agent@0.6.1
20 silly idealTree:prePrune ├─┬ form-data@0.2.0
20 silly idealTree:prePrune │ ├── async@0.9.2
20 silly idealTree:prePrune │ ├── combined-stream@0.0.7
20 silly idealTree:prePrune │ ├── delayed-stream@0.0.5
20 silly idealTree:prePrune │ ├── mime-db@1.12.0
20 silly idealTree:prePrune │ └── mime-types@2.0.14
20 silly idealTree:prePrune ├── fresh@0.3.0
20 silly idealTree:prePrune ├─┬ fsevents@1.0.7
20 silly idealTree:prePrune │ ├── ansi-regex@2.0.0
20 silly idealTree:prePrune │ ├── ansi-styles@2.1.0
20 silly idealTree:prePrune │ ├── ansi@0.3.0
20 silly idealTree:prePrune │ ├── are-we-there-yet@1.0.5
20 silly idealTree:prePrune │ ├── asn1@0.2.3
20 silly idealTree:prePrune │ ├── assert-plus@0.1.5
20 silly idealTree:prePrune │ ├── async@1.5.1
20 silly idealTree:prePrune │ ├── aws-sign2@0.6.0
20 silly idealTree:prePrune │ ├── bl@1.0.0
20 silly idealTree:prePrune │ ├── block-stream@0.0.8
20 silly idealTree:prePrune │ ├── boom@2.10.1
20 silly idealTree:prePrune │ ├── caseless@0.11.0
20 silly idealTree:prePrune │ ├── chalk@1.1.1
20 silly idealTree:prePrune │ ├── combined-stream@1.0.5
20 silly idealTree:prePrune │ ├── commander@2.9.0
20 silly idealTree:prePrune │ ├── core-util-is@1.0.2
20 silly idealTree:prePrune │ ├── cryptiles@2.0.5
20 silly idealTree:prePrune │ ├── dashdash@1.11.0
20 silly idealTree:prePrune │ ├── debug@0.7.4
20 silly idealTree:prePrune │ ├── deep-extend@0.4.0
20 silly idealTree:prePrune │ ├── delayed-stream@1.0.0
20 silly idealTree:prePrune │ ├── delegates@0.1.0
20 silly idealTree:prePrune │ ├── ecc-jsbn@0.1.1
20 silly idealTree:prePrune │ ├── escape-string-regexp@1.0.4
20 silly idealTree:prePrune │ ├── extend@3.0.0
20 silly idealTree:prePrune │ ├── extsprintf@1.0.2
20 silly idealTree:prePrune │ ├── forever-agent@0.6.1
20 silly idealTree:prePrune │ ├── form-data@1.0.0-rc3
20 silly idealTree:prePrune │ ├─┬ fstream-ignore@1.0.3
20 silly idealTree:prePrune │ │ └─┬ minimatch@3.0.0
20 silly idealTree:prePrune │ │   └─┬ brace-expansion@1.1.2
20 silly idealTree:prePrune │ │     ├── balanced-match@0.3.0
20 silly idealTree:prePrune │ │     └── concat-map@0.0.1
20 silly idealTree:prePrune │ ├── fstream@1.0.8
20 silly idealTree:prePrune │ ├── gauge@1.2.2
20 silly idealTree:prePrune │ ├── generate-function@2.0.0
20 silly idealTree:prePrune │ ├── generate-object-property@1.2.0
20 silly idealTree:prePrune │ ├── graceful-fs@4.1.2
20 silly idealTree:prePrune │ ├── graceful-readlink@1.0.1
20 silly idealTree:prePrune │ ├── har-validator@2.0.3
20 silly idealTree:prePrune │ ├── has-ansi@2.0.0
20 silly idealTree:prePrune │ ├── has-unicode@1.0.1
20 silly idealTree:prePrune │ ├── hawk@3.1.2
20 silly idealTree:prePrune │ ├── hoek@2.16.3
20 silly idealTree:prePrune │ ├── http-signature@1.1.0
20 silly idealTree:prePrune │ ├── inherits@2.0.1
20 silly idealTree:prePrune │ ├── ini@1.3.4
20 silly idealTree:prePrune │ ├── is-my-json-valid@2.12.3
20 silly idealTree:prePrune │ ├── is-property@1.0.2
20 silly idealTree:prePrune │ ├── is-typedarray@1.0.0
20 silly idealTree:prePrune │ ├── isarray@0.0.1
20 silly idealTree:prePrune │ ├── isstream@0.1.2
20 silly idealTree:prePrune │ ├── jodid25519@1.0.2
20 silly idealTree:prePrune │ ├── jsbn@0.1.0
20 silly idealTree:prePrune │ ├── json-schema@0.2.2
20 silly idealTree:prePrune │ ├── json-stringify-safe@5.0.1
20 silly idealTree:prePrune │ ├── jsonpointer@2.0.0
20 silly idealTree:prePrune │ ├── jsprim@1.2.2
20 silly idealTree:prePrune │ ├── lodash._basetostring@3.0.1
20 silly idealTree:prePrune │ ├── lodash._createpadding@3.6.1
20 silly idealTree:prePrune │ ├── lodash.pad@3.1.1
20 silly idealTree:prePrune │ ├── lodash.padleft@3.1.1
20 silly idealTree:prePrune │ ├── lodash.padright@3.1.1
20 silly idealTree:prePrune │ ├── lodash.repeat@3.0.1
20 silly idealTree:prePrune │ ├── mime-db@1.21.0
20 silly idealTree:prePrune │ ├── mime-types@2.1.9
20 silly idealTree:prePrune │ ├── minimist@0.0.8
20 silly idealTree:prePrune │ ├── mkdirp@0.5.1
20 silly idealTree:prePrune │ ├─┬ node-pre-gyp@0.6.19
20 silly idealTree:prePrune │ │ └─┬ nopt@3.0.6
20 silly idealTree:prePrune │ │   └── abbrev@1.0.7
20 silly idealTree:prePrune │ ├── node-uuid@1.4.7
20 silly idealTree:prePrune │ ├── npmlog@2.0.0
20 silly idealTree:prePrune │ ├── oauth-sign@0.8.0
20 silly idealTree:prePrune │ ├── once@1.1.1
20 silly idealTree:prePrune │ ├── pinkie-promise@2.0.0
20 silly idealTree:prePrune │ ├── pinkie@2.0.1
20 silly idealTree:prePrune │ ├── process-nextick-args@1.0.6
20 silly idealTree:prePrune │ ├── qs@5.2.0
20 silly idealTree:prePrune │ ├─┬ rc@1.1.6
20 silly idealTree:prePrune │ │ └── minimist@1.2.0
20 silly idealTree:prePrune │ ├── readable-stream@2.0.5
20 silly idealTree:prePrune │ ├── request@2.67.0
20 silly idealTree:prePrune │ ├─┬ rimraf@2.5.0
20 silly idealTree:prePrune │ │ └─┬ glob@6.0.3
20 silly idealTree:prePrune │ │   ├─┬ inflight@1.0.4
20 silly idealTree:prePrune │ │   │ └── wrappy@1.0.1
20 silly idealTree:prePrune │ │   ├── inherits@2.0.1
20 silly idealTree:prePrune │ │   ├─┬ minimatch@3.0.0
20 silly idealTree:prePrune │ │   │ └─┬ brace-expansion@1.1.2
20 silly idealTree:prePrune │ │   │   ├── balanced-match@0.3.0
20 silly idealTree:prePrune │ │   │   └── concat-map@0.0.1
20 silly idealTree:prePrune │ │   ├─┬ once@1.3.3
20 silly idealTree:prePrune │ │   │ └── wrappy@1.0.1
20 silly idealTree:prePrune │ │   └── path-is-absolute@1.0.0
20 silly idealTree:prePrune │ ├── semver@5.1.0
20 silly idealTree:prePrune │ ├── sntp@1.0.9
20 silly idealTree:prePrune │ ├─┬ sshpk@1.7.2
20 silly idealTree:prePrune │ │ └── assert-plus@0.2.0
20 silly idealTree:prePrune │ ├── string_decoder@0.10.31
20 silly idealTree:prePrune │ ├── stringstream@0.0.5
20 silly idealTree:prePrune │ ├── strip-ansi@3.0.0
20 silly idealTree:prePrune │ ├── strip-json-comments@1.0.4
20 silly idealTree:prePrune │ ├── supports-color@2.0.0
20 silly idealTree:prePrune │ ├─┬ tar-pack@3.1.2
20 silly idealTree:prePrune │ │ └─┬ rimraf@2.4.5
20 silly idealTree:prePrune │ │   └─┬ glob@6.0.3
20 silly idealTree:prePrune │ │     ├─┬ inflight@1.0.4
20 silly idealTree:prePrune │ │     │ └── wrappy@1.0.1
20 silly idealTree:prePrune │ │     ├── inherits@2.0.1
20 silly idealTree:prePrune │ │     ├─┬ minimatch@3.0.0
20 silly idealTree:prePrune │ │     │ └─┬ brace-expansion@1.1.2
20 silly idealTree:prePrune │ │     │   ├── balanced-match@0.3.0
20 silly idealTree:prePrune │ │     │   └── concat-map@0.0.1
20 silly idealTree:prePrune │ │     ├─┬ once@1.3.3
20 silly idealTree:prePrune │ │     │ └── wrappy@1.0.1
20 silly idealTree:prePrune │ │     └── path-is-absolute@1.0.0
20 silly idealTree:prePrune │ ├── tar@2.2.1
20 silly idealTree:prePrune │ ├── tough-cookie@2.2.1
20 silly idealTree:prePrune │ ├── tunnel-agent@0.4.2
20 silly idealTree:prePrune │ ├── tweetnacl@0.13.2
20 silly idealTree:prePrune │ ├── uid-number@0.0.3
20 silly idealTree:prePrune │ ├── util-deprecate@1.0.2
20 silly idealTree:prePrune │ ├── verror@1.3.6
20 silly idealTree:prePrune │ └── xtend@4.0.1
20 silly idealTree:prePrune ├── generate-function@2.0.0
20 silly idealTree:prePrune ├── generate-object-property@1.2.0
20 silly idealTree:prePrune ├── glob-base@0.3.0
20 silly idealTree:prePrune ├── glob-parent@2.0.0
20 silly idealTree:prePrune ├── glob@5.0.15
20 silly idealTree:prePrune ├── graceful-fs@3.0.8
20 silly idealTree:prePrune ├── graceful-readlink@1.0.1
20 silly idealTree:prePrune ├─┬ har-validator@1.8.0
20 silly idealTree:prePrune │ └── commander@2.9.0
20 silly idealTree:prePrune ├── has-ansi@2.0.0
20 silly idealTree:prePrune ├── hawk@2.3.1
20 silly idealTree:prePrune ├── hoek@2.16.3
20 silly idealTree:prePrune ├── html-entities@1.1.3
20 silly idealTree:prePrune ├── http-errors@1.3.1
20 silly idealTree:prePrune ├─┬ http-proxy@0.10.4
20 silly idealTree:prePrune │ ├── optimist@0.6.1
20 silly idealTree:prePrune │ └── pkginfo@0.3.1
20 silly idealTree:prePrune ├── http-server@0.6.1
20 silly idealTree:prePrune ├── http-signature@0.11.0
20 silly idealTree:prePrune ├── https-proxy-agent@1.0.0
20 silly idealTree:prePrune ├── i@0.3.4
20 silly idealTree:prePrune ├── iconv-lite@0.4.11
20 silly idealTree:prePrune ├── inflight@1.0.4
20 silly idealTree:prePrune ├── inherits@2.0.1
20 silly idealTree:prePrune ├── is-absolute@0.1.7
20 silly idealTree:prePrune ├── is-binary-path@1.0.1
20 silly idealTree:prePrune ├── is-buffer@1.1.2
20 silly idealTree:prePrune ├── is-dotfile@1.0.2
20 silly idealTree:prePrune ├── is-equal-shallow@0.1.3
20 silly idealTree:prePrune ├── is-extendable@0.1.1
20 silly idealTree:prePrune ├── is-extglob@1.0.0
20 silly idealTree:prePrune ├── is-glob@2.0.1
20 silly idealTree:prePrune ├── is-my-json-valid@2.12.4
20 silly idealTree:prePrune ├── is-number@2.1.0
20 silly idealTree:prePrune ├── is-primitive@2.0.0
20 silly idealTree:prePrune ├── is-property@1.0.2
20 silly idealTree:prePrune ├── is-relative@0.1.3
20 silly idealTree:prePrune ├── isarray@0.0.1
20 silly idealTree:prePrune ├── isexe@1.1.2
20 silly idealTree:prePrune ├── isobject@2.0.0
20 silly idealTree:prePrune ├── isstream@0.1.2
20 silly idealTree:prePrune ├── jasmine-core@2.4.1
20 silly idealTree:prePrune ├─┬ jasmine@2.3.2
20 silly idealTree:prePrune │ ├── glob@3.2.11
20 silly idealTree:prePrune │ ├── jasmine-core@2.3.4
20 silly idealTree:prePrune │ └── minimatch@0.3.0
20 silly idealTree:prePrune ├── jasminewd@1.1.0
20 silly idealTree:prePrune ├── jasminewd2@0.0.6
20 silly idealTree:prePrune ├── json-stringify-safe@5.0.1
20 silly idealTree:prePrune ├── jsonpointer@2.0.0
20 silly idealTree:prePrune ├── karma-chrome-launcher@0.1.12
20 silly idealTree:prePrune ├── karma-firefox-launcher@0.1.7
20 silly idealTree:prePrune ├── karma-jasmine@0.3.7
20 silly idealTree:prePrune ├── karma-junit-reporter@0.2.2
20 silly idealTree:prePrune ├─┬ karma@0.12.37
20 silly idealTree:prePrune │ ├── colors@1.1.2
20 silly idealTree:prePrune │ ├── mime@1.3.4
20 silly idealTree:prePrune │ └── optimist@0.6.1
20 silly idealTree:prePrune ├── kind-of@3.0.2
20 silly idealTree:prePrune ├── lodash@3.10.1
20 silly idealTree:prePrune ├─┬ log4js@0.6.31
20 silly idealTree:prePrune │ └── readable-stream@1.0.33
20 silly idealTree:prePrune ├── lru-cache@2.2.4
20 silly idealTree:prePrune ├── media-typer@0.3.0
20 silly idealTree:prePrune ├── method-override@2.3.5
20 silly idealTree:prePrune ├── methods@1.1.2
20 silly idealTree:prePrune ├── micromatch@2.3.7
20 silly idealTree:prePrune ├── mime-db@1.21.0
20 silly idealTree:prePrune ├── mime-types@2.1.9
20 silly idealTree:prePrune ├── mime@1.2.11
20 silly idealTree:prePrune ├── minijasminenode@1.1.1
20 silly idealTree:prePrune ├── minimatch@2.0.10
20 silly idealTree:prePrune ├── minimist@0.0.10
20 silly idealTree:prePrune ├── mkdirp@0.0.7
20 silly idealTree:prePrune ├── morgan@1.6.1
20 silly idealTree:prePrune ├── ms@0.7.1
20 silly idealTree:prePrune ├─┬ multiparty@3.3.2
20 silly idealTree:prePrune │ └── readable-stream@1.1.13
20 silly idealTree:prePrune ├── nan@2.2.0
20 silly idealTree:prePrune ├── ncp@0.4.2
20 silly idealTree:prePrune ├── negotiator@0.5.3
20 silly idealTree:prePrune ├── ng-file-upload@12.0.1
20 silly idealTree:prePrune ├── node-uuid@1.4.7
20 silly idealTree:prePrune ├── normalize-path@2.0.1
20 silly idealTree:prePrune ├── oauth-sign@0.8.1
20 silly idealTree:prePrune ├── object.omit@2.0.0
20 silly idealTree:prePrune ├── on-finished@2.3.0
20 silly idealTree:prePrune ├── on-headers@1.0.1
20 silly idealTree:prePrune ├── once@1.3.3
20 silly idealTree:prePrune ├── opener@1.3.0
20 silly idealTree:prePrune ├── optimist@0.5.2
20 silly idealTree:prePrune ├── options@0.0.6
20 silly idealTree:prePrune ├── parse-glob@3.0.4
20 silly idealTree:prePrune ├── parseurl@1.3.1
20 silly idealTree:prePrune ├── path-is-absolute@1.0.0
20 silly idealTree:prePrune ├── pause@0.1.0
20 silly idealTree:prePrune ├── pkginfo@0.2.3
20 silly idealTree:prePrune ├── policyfile@0.0.4
20 silly idealTree:prePrune ├── portfinder@0.2.1
20 silly idealTree:prePrune ├── preserve@0.2.0
20 silly idealTree:prePrune ├── process-nextick-args@1.0.6
20 silly idealTree:prePrune ├─┬ protractor@2.5.1
20 silly idealTree:prePrune │ ├── glob@3.2.11
20 silly idealTree:prePrune │ ├── lodash@2.4.2
20 silly idealTree:prePrune │ ├── minimatch@0.3.0
20 silly idealTree:prePrune │ ├── optimist@0.6.1
20 silly idealTree:prePrune │ └── q@1.0.0
20 silly idealTree:prePrune ├── q@1.4.1
20 silly idealTree:prePrune ├── qs@0.5.6
20 silly idealTree:prePrune ├── random-bytes@1.0.0
20 silly idealTree:prePrune ├── randomatic@1.1.5
20 silly idealTree:prePrune ├── range-parser@1.0.3
20 silly idealTree:prePrune ├─┬ raw-body@2.1.5
20 silly idealTree:prePrune │ ├── bytes@2.2.0
20 silly idealTree:prePrune │ └── iconv-lite@0.4.13
20 silly idealTree:prePrune ├── readable-stream@2.0.5
20 silly idealTree:prePrune ├─┬ readdirp@2.0.0
20 silly idealTree:prePrune │ └── graceful-fs@4.1.3
20 silly idealTree:prePrune ├── redis@0.7.3
20 silly idealTree:prePrune ├── regex-cache@0.4.2
20 silly idealTree:prePrune ├── repeat-element@1.1.2
20 silly idealTree:prePrune ├── repeat-string@1.5.2
20 silly idealTree:prePrune ├─┬ request@2.57.0
20 silly idealTree:prePrune │ ├── mime-db@1.12.0
20 silly idealTree:prePrune │ ├── mime-types@2.0.14
20 silly idealTree:prePrune │ └── qs@3.1.0
20 silly idealTree:prePrune ├── response-time@2.3.1
20 silly idealTree:prePrune ├─┬ rimraf@2.5.2
20 silly idealTree:prePrune │ └── glob@7.0.0
20 silly idealTree:prePrune ├── rndm@1.2.0
20 silly idealTree:prePrune ├── saucelabs@1.0.1
20 silly idealTree:prePrune ├── sax@0.6.1
20 silly idealTree:prePrune ├── scmp@1.0.0
20 silly idealTree:prePrune ├─┬ selenium-webdriver@2.47.0
20 silly idealTree:prePrune │ └── ws@0.8.1
20 silly idealTree:prePrune ├── semver@4.3.6
20 silly idealTree:prePrune ├─┬ send@0.13.1
20 silly idealTree:prePrune │ ├── depd@1.1.0
20 silly idealTree:prePrune │ └── mime@1.3.4
20 silly idealTree:prePrune ├── serve-favicon@2.3.0
20 silly idealTree:prePrune ├── serve-index@1.7.3
20 silly idealTree:prePrune ├── serve-static@1.10.2
20 silly idealTree:prePrune ├── shelljs@0.2.6
20 silly idealTree:prePrune ├── sigmund@1.0.1
20 silly idealTree:prePrune ├── sntp@1.0.9
20 silly idealTree:prePrune ├── socket.io-client@0.9.16
20 silly idealTree:prePrune ├── socket.io@0.9.16
20 silly idealTree:prePrune ├─┬ source-map-support@0.2.10
20 silly idealTree:prePrune │ └── source-map@0.1.32
20 silly idealTree:prePrune ├── source-map@0.4.4
20 silly idealTree:prePrune ├── statuses@1.2.1
20 silly idealTree:prePrune ├─┬ stream-counter@0.2.0
20 silly idealTree:prePrune │ └── readable-stream@1.1.13
20 silly idealTree:prePrune ├── string_decoder@0.10.31
20 silly idealTree:prePrune ├── stringstream@0.0.5
20 silly idealTree:prePrune ├── strip-ansi@3.0.0
20 silly idealTree:prePrune ├── supports-color@2.0.0
20 silly idealTree:prePrune ├── tinycolor@0.0.1
20 silly idealTree:prePrune ├── tmp@0.0.24
20 silly idealTree:prePrune ├── tough-cookie@2.2.1
20 silly idealTree:prePrune ├── tunnel-agent@0.4.2
20 silly idealTree:prePrune ├── type-is@1.6.11
20 silly idealTree:prePrune ├── uglify-js@1.2.5
20 silly idealTree:prePrune ├── uid-safe@2.1.0
20 silly idealTree:prePrune ├── ultron@1.0.2
20 silly idealTree:prePrune ├── union@0.3.8
20 silly idealTree:prePrune ├── unpipe@1.0.0
20 silly idealTree:prePrune ├── useragent@2.1.8
20 silly idealTree:prePrune ├── utf-8-validate@1.2.1
20 silly idealTree:prePrune ├── util-deprecate@1.0.2
20 silly idealTree:prePrune ├── utile@0.2.1
20 silly idealTree:prePrune ├── utils-merge@1.0.0
20 silly idealTree:prePrune ├── vary@1.0.1
20 silly idealTree:prePrune ├── vhost@3.0.2
20 silly idealTree:prePrune ├── which@1.2.4
20 silly idealTree:prePrune ├── wordwrap@0.0.3
20 silly idealTree:prePrune ├── wrappy@1.0.1
20 silly idealTree:prePrune ├─┬ ws@0.4.32
20 silly idealTree:prePrune │ └── nan@1.0.0
20 silly idealTree:prePrune ├─┬ xml2js@0.4.4
20 silly idealTree:prePrune │ ├── lodash@4.3.0
20 silly idealTree:prePrune │ └── xmlbuilder@4.2.1
20 silly idealTree:prePrune ├── xmlbuilder@0.4.2
20 silly idealTree:prePrune ├── xmlhttprequest@1.4.2
20 silly idealTree:prePrune ├── xtend@4.0.1
20 silly idealTree:prePrune └── zeparser@0.0.5
21 silly loadIdealTree Finishing
22 silly currentTree angular-seed@0.0.0
22 silly currentTree ├── accepts@1.2.13
22 silly currentTree ├── accessibility-developer-tools@2.6.0
22 silly currentTree ├── active-x-obfuscator@0.0.1
22 silly currentTree ├── adm-zip@0.4.4
22 silly currentTree ├─┬ agent-base@2.0.1
22 silly currentTree │ └── semver@5.0.3
22 silly currentTree ├── amdefine@1.0.0
22 silly currentTree ├── ansi-regex@2.0.0
22 silly currentTree ├── ansi-styles@2.1.0
22 silly currentTree ├── anymatch@1.3.0
22 silly currentTree ├── arr-diff@2.0.0
22 silly currentTree ├── arr-flatten@1.0.1
22 silly currentTree ├── array-unique@0.2.1
22 silly currentTree ├── arrify@1.0.1
22 silly currentTree ├── asn1@0.1.11
22 silly currentTree ├── assert-plus@0.1.5
22 silly currentTree ├── async-each@0.1.6
22 silly currentTree ├── async@0.2.10
22 silly currentTree ├── aws-sign2@0.5.0
22 silly currentTree ├── balanced-match@0.3.0
22 silly currentTree ├── base64-url@1.2.1
22 silly currentTree ├── base64id@0.1.0
22 silly currentTree ├── basic-auth-connect@1.0.0
22 silly currentTree ├── basic-auth@1.0.3
22 silly currentTree ├── batch@0.5.3
22 silly currentTree ├── binary-extensions@1.4.0
22 silly currentTree ├── bindings@1.2.1
22 silly currentTree ├─┬ bl@0.9.5
22 silly currentTree │ └── readable-stream@1.0.33
22 silly currentTree ├── bluebird@2.10.2
22 silly currentTree ├─┬ body-parser@1.13.3
22 silly currentTree │ └── qs@4.0.0
22 silly currentTree ├── boom@2.10.1
22 silly currentTree ├── bower@1.7.7
22 silly currentTree ├── brace-expansion@1.1.3
22 silly currentTree ├── braces@1.8.3
22 silly currentTree ├── bufferutil@1.2.1
22 silly currentTree ├── bytes@2.1.0
22 silly currentTree ├── caseless@0.10.0
22 silly currentTree ├── chalk@1.1.1
22 silly currentTree ├── chokidar@1.4.2
22 silly currentTree ├── colors@0.6.2
22 silly currentTree ├── combined-stream@1.0.5
22 silly currentTree ├── commander@2.1.0
22 silly currentTree ├── compressible@2.0.7
22 silly currentTree ├── compression@1.5.2
22 silly currentTree ├── concat-map@0.0.1
22 silly currentTree ├── connect-timeout@1.6.2
22 silly currentTree ├─┬ connect@2.30.2
22 silly currentTree │ └── qs@4.0.0
22 silly currentTree ├── content-type@1.0.1
22 silly currentTree ├── cookie-parser@1.3.5
22 silly currentTree ├── cookie-signature@1.0.6
22 silly currentTree ├── cookie@0.1.3
22 silly currentTree ├── core-util-is@1.0.2
22 silly currentTree ├── crc@3.3.0
22 silly currentTree ├── cryptiles@2.0.5
22 silly currentTree ├── csrf@3.0.1
22 silly currentTree ├── csurf@1.8.3
22 silly currentTree ├── ctype@0.5.3
22 silly currentTree ├── debug@2.2.0
22 silly currentTree ├── deep-equal@1.0.1
22 silly currentTree ├── delayed-stream@1.0.0
22 silly currentTree ├── depd@1.0.1
22 silly currentTree ├── destroy@1.0.4
22 silly currentTree ├── di@0.0.1
22 silly currentTree ├─┬ ecstatic@0.4.13
22 silly currentTree │ └── optimist@0.3.7
22 silly currentTree ├── ee-first@1.1.1
22 silly currentTree ├── ent@0.0.7
22 silly currentTree ├─┬ errorhandler@1.4.3
22 silly currentTree │ ├── accepts@1.3.1
22 silly currentTree │ └── negotiator@0.6.0
22 silly currentTree ├── escape-html@1.0.3
22 silly currentTree ├── escape-string-regexp@1.0.4
22 silly currentTree ├── etag@1.7.0
22 silly currentTree ├── exit@0.1.2
22 silly currentTree ├── expand-brackets@0.1.4
22 silly currentTree ├── expand-range@1.8.1
22 silly currentTree ├─┬ express-session@1.11.3
22 silly currentTree │ └── uid-safe@2.0.0
22 silly currentTree ├── extend@3.0.0
22 silly currentTree ├── extglob@0.3.2
22 silly currentTree ├── filename-regex@2.0.0
22 silly currentTree ├── fill-range@2.2.3
22 silly currentTree ├─┬ finalhandler@0.4.0
22 silly currentTree │ └── escape-html@1.0.2
22 silly currentTree ├── for-in@0.1.4
22 silly currentTree ├── for-own@0.1.3
22 silly currentTree ├── forever-agent@0.6.1
22 silly currentTree ├─┬ form-data@0.2.0
22 silly currentTree │ ├── async@0.9.2
22 silly currentTree │ ├── combined-stream@0.0.7
22 silly currentTree │ ├── delayed-stream@0.0.5
22 silly currentTree │ ├── mime-db@1.12.0
22 silly currentTree │ └── mime-types@2.0.14
22 silly currentTree ├── fresh@0.3.0
22 silly currentTree ├─┬ fsevents@1.0.7
22 silly currentTree │ ├── ansi-regex@2.0.0
22 silly currentTree │ ├── ansi-styles@2.1.0
22 silly currentTree │ ├── ansi@0.3.0
22 silly currentTree │ ├── are-we-there-yet@1.0.5
22 silly currentTree │ ├── asn1@0.2.3
22 silly currentTree │ ├── assert-plus@0.1.5
22 silly currentTree │ ├── async@1.5.1
22 silly currentTree │ ├── aws-sign2@0.6.0
22 silly currentTree │ ├── bl@1.0.0
22 silly currentTree │ ├── block-stream@0.0.8
22 silly currentTree │ ├── boom@2.10.1
22 silly currentTree │ ├── caseless@0.11.0
22 silly currentTree │ ├── chalk@1.1.1
22 silly currentTree │ ├── combined-stream@1.0.5
22 silly currentTree │ ├── commander@2.9.0
22 silly currentTree │ ├── core-util-is@1.0.2
22 silly currentTree │ ├── cryptiles@2.0.5
22 silly currentTree │ ├── dashdash@1.11.0
22 silly currentTree │ ├── debug@0.7.4
22 silly currentTree │ ├── deep-extend@0.4.0
22 silly currentTree │ ├── delayed-stream@1.0.0
22 silly currentTree │ ├── delegates@0.1.0
22 silly currentTree │ ├── ecc-jsbn@0.1.1
22 silly currentTree │ ├── escape-string-regexp@1.0.4
22 silly currentTree │ ├── extend@3.0.0
22 silly currentTree │ ├── extsprintf@1.0.2
22 silly currentTree │ ├── forever-agent@0.6.1
22 silly currentTree │ ├── form-data@1.0.0-rc3
22 silly currentTree │ ├─┬ fstream-ignore@1.0.3
22 silly currentTree │ │ └─┬ minimatch@3.0.0
22 silly currentTree │ │   └─┬ brace-expansion@1.1.2
22 silly currentTree │ │     ├── balanced-match@0.3.0
22 silly currentTree │ │     └── concat-map@0.0.1
22 silly currentTree │ ├── fstream@1.0.8
22 silly currentTree │ ├── gauge@1.2.2
22 silly currentTree │ ├── generate-function@2.0.0
22 silly currentTree │ ├── generate-object-property@1.2.0
22 silly currentTree │ ├── graceful-fs@4.1.2
22 silly currentTree │ ├── graceful-readlink@1.0.1
22 silly currentTree │ ├── har-validator@2.0.3
22 silly currentTree │ ├── has-ansi@2.0.0
22 silly currentTree │ ├── has-unicode@1.0.1
22 silly currentTree │ ├── hawk@3.1.2
22 silly currentTree │ ├── hoek@2.16.3
22 silly currentTree │ ├── http-signature@1.1.0
22 silly currentTree │ ├── inherits@2.0.1
22 silly currentTree │ ├── ini@1.3.4
22 silly currentTree │ ├── is-my-json-valid@2.12.3
22 silly currentTree │ ├── is-property@1.0.2
22 silly currentTree │ ├── is-typedarray@1.0.0
22 silly currentTree │ ├── isarray@0.0.1
22 silly currentTree │ ├── isstream@0.1.2
22 silly currentTree │ ├── jodid25519@1.0.2
22 silly currentTree │ ├── jsbn@0.1.0
22 silly currentTree │ ├── json-schema@0.2.2
22 silly currentTree │ ├── json-stringify-safe@5.0.1
22 silly currentTree │ ├── jsonpointer@2.0.0
22 silly currentTree │ ├── jsprim@1.2.2
22 silly currentTree │ ├── lodash._basetostring@3.0.1
22 silly currentTree │ ├── lodash._createpadding@3.6.1
22 silly currentTree │ ├── lodash.pad@3.1.1
22 silly currentTree │ ├── lodash.padleft@3.1.1
22 silly currentTree │ ├── lodash.padright@3.1.1
22 silly currentTree │ ├── lodash.repeat@3.0.1
22 silly currentTree │ ├── mime-db@1.21.0
22 silly currentTree │ ├── mime-types@2.1.9
22 silly currentTree │ ├── minimist@0.0.8
22 silly currentTree │ ├── mkdirp@0.5.1
22 silly currentTree │ ├─┬ node-pre-gyp@0.6.19
22 silly currentTree │ │ └─┬ nopt@3.0.6
22 silly currentTree │ │   └── abbrev@1.0.7
22 silly currentTree │ ├── node-uuid@1.4.7
22 silly currentTree │ ├── npmlog@2.0.0
22 silly currentTree │ ├── oauth-sign@0.8.0
22 silly currentTree │ ├── once@1.1.1
22 silly currentTree │ ├── pinkie-promise@2.0.0
22 silly currentTree │ ├── pinkie@2.0.1
22 silly currentTree │ ├── process-nextick-args@1.0.6
22 silly currentTree │ ├── qs@5.2.0
22 silly currentTree │ ├─┬ rc@1.1.6
22 silly currentTree │ │ └── minimist@1.2.0
22 silly currentTree │ ├── readable-stream@2.0.5
22 silly currentTree │ ├── request@2.67.0
22 silly currentTree │ ├─┬ rimraf@2.5.0
22 silly currentTree │ │ └─┬ glob@6.0.3
22 silly currentTree │ │   ├─┬ inflight@1.0.4
22 silly currentTree │ │   │ └── wrappy@1.0.1
22 silly currentTree │ │   ├── inherits@2.0.1
22 silly currentTree │ │   ├─┬ minimatch@3.0.0
22 silly currentTree │ │   │ └─┬ brace-expansion@1.1.2
22 silly currentTree │ │   │   ├── balanced-match@0.3.0
22 silly currentTree │ │   │   └── concat-map@0.0.1
22 silly currentTree │ │   ├─┬ once@1.3.3
22 silly currentTree │ │   │ └── wrappy@1.0.1
22 silly currentTree │ │   └── path-is-absolute@1.0.0
22 silly currentTree │ ├── semver@5.1.0
22 silly currentTree │ ├── sntp@1.0.9
22 silly currentTree │ ├─┬ sshpk@1.7.2
22 silly currentTree │ │ └── assert-plus@0.2.0
22 silly currentTree │ ├── string_decoder@0.10.31
22 silly currentTree │ ├── stringstream@0.0.5
22 silly currentTree │ ├── strip-ansi@3.0.0
22 silly currentTree │ ├── strip-json-comments@1.0.4
22 silly currentTree │ ├── supports-color@2.0.0
22 silly currentTree │ ├─┬ tar-pack@3.1.2
22 silly currentTree │ │ └─┬ rimraf@2.4.5
22 silly currentTree │ │   └─┬ glob@6.0.3
22 silly currentTree │ │     ├─┬ inflight@1.0.4
22 silly currentTree │ │     │ └── wrappy@1.0.1
22 silly currentTree │ │     ├── inherits@2.0.1
22 silly currentTree │ │     ├─┬ minimatch@3.0.0
22 silly currentTree │ │     │ └─┬ brace-expansion@1.1.2
22 silly currentTree │ │     │   ├── balanced-match@0.3.0
22 silly currentTree │ │     │   └── concat-map@0.0.1
22 silly currentTree │ │     ├─┬ once@1.3.3
22 silly currentTree │ │     │ └── wrappy@1.0.1
22 silly currentTree │ │     └── path-is-absolute@1.0.0
22 silly currentTree │ ├── tar@2.2.1
22 silly currentTree │ ├── tough-cookie@2.2.1
22 silly currentTree │ ├── tunnel-agent@0.4.2
22 silly currentTree │ ├── tweetnacl@0.13.2
22 silly currentTree │ ├── uid-number@0.0.3
22 silly currentTree │ ├── util-deprecate@1.0.2
22 silly currentTree │ ├── verror@1.3.6
22 silly currentTree │ └── xtend@4.0.1
22 silly currentTree ├── generate-function@2.0.0
22 silly currentTree ├── generate-object-property@1.2.0
22 silly currentTree ├── glob-base@0.3.0
22 silly currentTree ├── glob-parent@2.0.0
22 silly currentTree ├── glob@5.0.15
22 silly currentTree ├── graceful-fs@3.0.8
22 silly currentTree ├── graceful-readlink@1.0.1
22 silly currentTree ├─┬ har-validator@1.8.0
22 silly currentTree │ └── commander@2.9.0
22 silly currentTree ├── has-ansi@2.0.0
22 silly currentTree ├── hawk@2.3.1
22 silly currentTree ├── hoek@2.16.3
22 silly currentTree ├── html-entities@1.1.3
22 silly currentTree ├── http-errors@1.3.1
22 silly currentTree ├─┬ http-proxy@0.10.4
22 silly currentTree │ ├── optimist@0.6.1
22 silly currentTree │ └── pkginfo@0.3.1
22 silly currentTree ├── http-server@0.6.1
22 silly currentTree ├── http-signature@0.11.0
22 silly currentTree ├── https-proxy-agent@1.0.0
22 silly currentTree ├── i@0.3.4
22 silly currentTree ├── iconv-lite@0.4.11
22 silly currentTree ├── inflight@1.0.4
22 silly currentTree ├── inherits@2.0.1
22 silly currentTree ├── is-absolute@0.1.7
22 silly currentTree ├── is-binary-path@1.0.1
22 silly currentTree ├── is-buffer@1.1.2
22 silly currentTree ├── is-dotfile@1.0.2
22 silly currentTree ├── is-equal-shallow@0.1.3
22 silly currentTree ├── is-extendable@0.1.1
22 silly currentTree ├── is-extglob@1.0.0
22 silly currentTree ├── is-glob@2.0.1
22 silly currentTree ├── is-my-json-valid@2.12.4
22 silly currentTree ├── is-number@2.1.0
22 silly currentTree ├── is-primitive@2.0.0
22 silly currentTree ├── is-property@1.0.2
22 silly currentTree ├── is-relative@0.1.3
22 silly currentTree ├── isarray@0.0.1
22 silly currentTree ├── isexe@1.1.2
22 silly currentTree ├── isobject@2.0.0
22 silly currentTree ├── isstream@0.1.2
22 silly currentTree ├── jasmine-core@2.4.1
22 silly currentTree ├─┬ jasmine@2.3.2
22 silly currentTree │ ├── glob@3.2.11
22 silly currentTree │ ├── jasmine-core@2.3.4
22 silly currentTree │ └── minimatch@0.3.0
22 silly currentTree ├── jasminewd@1.1.0
22 silly currentTree ├── jasminewd2@0.0.6
22 silly currentTree ├── json-stringify-safe@5.0.1
22 silly currentTree ├── jsonpointer@2.0.0
22 silly currentTree ├── karma-chrome-launcher@0.1.12
22 silly currentTree ├── karma-firefox-launcher@0.1.7
22 silly currentTree ├── karma-jasmine@0.3.7
22 silly currentTree ├── karma-junit-reporter@0.2.2
22 silly currentTree ├─┬ karma@0.12.37
22 silly currentTree │ ├── colors@1.1.2
22 silly currentTree │ ├── mime@1.3.4
22 silly currentTree │ └── optimist@0.6.1
22 silly currentTree ├── kind-of@3.0.2
22 silly currentTree ├── lodash@3.10.1
22 silly currentTree ├─┬ log4js@0.6.31
22 silly currentTree │ └── readable-stream@1.0.33
22 silly currentTree ├── lru-cache@2.2.4
22 silly currentTree ├── media-typer@0.3.0
22 silly currentTree ├── method-override@2.3.5
22 silly currentTree ├── methods@1.1.2
22 silly currentTree ├── micromatch@2.3.7
22 silly currentTree ├── mime-db@1.21.0
22 silly currentTree ├── mime-types@2.1.9
22 silly currentTree ├── mime@1.2.11
22 silly currentTree ├── minijasminenode@1.1.1
22 silly currentTree ├── minimatch@2.0.10
22 silly currentTree ├── minimist@0.0.10
22 silly currentTree ├── mkdirp@0.0.7
22 silly currentTree ├── morgan@1.6.1
22 silly currentTree ├── ms@0.7.1
22 silly currentTree ├─┬ multiparty@3.3.2
22 silly currentTree │ └── readable-stream@1.1.13
22 silly currentTree ├── nan@2.2.0
22 silly currentTree ├── ncp@0.4.2
22 silly currentTree ├── negotiator@0.5.3
22 silly currentTree ├── ng-file-upload@12.0.1
22 silly currentTree ├── node-uuid@1.4.7
22 silly currentTree ├── normalize-path@2.0.1
22 silly currentTree ├── oauth-sign@0.8.1
22 silly currentTree ├── object.omit@2.0.0
22 silly currentTree ├── on-finished@2.3.0
22 silly currentTree ├── on-headers@1.0.1
22 silly currentTree ├── once@1.3.3
22 silly currentTree ├── opener@1.3.0
22 silly currentTree ├── optimist@0.5.2
22 silly currentTree ├── options@0.0.6
22 silly currentTree ├── parse-glob@3.0.4
22 silly currentTree ├── parseurl@1.3.1
22 silly currentTree ├── path-is-absolute@1.0.0
22 silly currentTree ├── pause@0.1.0
22 silly currentTree ├── pkginfo@0.2.3
22 silly currentTree ├── policyfile@0.0.4
22 silly currentTree ├── portfinder@0.2.1
22 silly currentTree ├── preserve@0.2.0
22 silly currentTree ├── process-nextick-args@1.0.6
22 silly currentTree ├─┬ protractor@2.5.1
22 silly currentTree │ ├── glob@3.2.11
22 silly currentTree │ ├── lodash@2.4.2
22 silly currentTree │ ├── minimatch@0.3.0
22 silly currentTree │ ├── optimist@0.6.1
22 silly currentTree │ └── q@1.0.0
22 silly currentTree ├── q@1.4.1
22 silly currentTree ├── qs@0.5.6
22 silly currentTree ├── random-bytes@1.0.0
22 silly currentTree ├── randomatic@1.1.5
22 silly currentTree ├── range-parser@1.0.3
22 silly currentTree ├─┬ raw-body@2.1.5
22 silly currentTree │ ├── bytes@2.2.0
22 silly currentTree │ └── iconv-lite@0.4.13
22 silly currentTree ├── readable-stream@2.0.5
22 silly currentTree ├─┬ readdirp@2.0.0
22 silly currentTree │ └── graceful-fs@4.1.3
22 silly currentTree ├── redis@0.7.3
22 silly currentTree ├── regex-cache@0.4.2
22 silly currentTree ├── repeat-element@1.1.2
22 silly currentTree ├── repeat-string@1.5.2
22 silly currentTree ├─┬ request@2.57.0
22 silly currentTree │ ├── mime-db@1.12.0
22 silly currentTree │ ├── mime-types@2.0.14
22 silly currentTree │ └── qs@3.1.0
22 silly currentTree ├── response-time@2.3.1
22 silly currentTree ├─┬ rimraf@2.5.2
22 silly currentTree │ └── glob@7.0.0
22 silly currentTree ├── rndm@1.2.0
22 silly currentTree ├── saucelabs@1.0.1
22 silly currentTree ├── sax@0.6.1
22 silly currentTree ├── scmp@1.0.0
22 silly currentTree ├─┬ selenium-webdriver@2.47.0
22 silly currentTree │ └── ws@0.8.1
22 silly currentTree ├── semver@4.3.6
22 silly currentTree ├─┬ send@0.13.1
22 silly currentTree │ ├── depd@1.1.0
22 silly currentTree │ └── mime@1.3.4
22 silly currentTree ├── serve-favicon@2.3.0
22 silly currentTree ├── serve-index@1.7.3
22 silly currentTree ├── serve-static@1.10.2
22 silly currentTree ├── shelljs@0.2.6
22 silly currentTree ├── sigmund@1.0.1
22 silly currentTree ├── sntp@1.0.9
22 silly currentTree ├── socket.io-client@0.9.16
22 silly currentTree ├── socket.io@0.9.16
22 silly currentTree ├─┬ source-map-support@0.2.10
22 silly currentTree │ └── source-map@0.1.32
22 silly currentTree ├── source-map@0.4.4
22 silly currentTree ├── statuses@1.2.1
22 silly currentTree ├─┬ stream-counter@0.2.0
22 silly currentTree │ └── readable-stream@1.1.13
22 silly currentTree ├── string_decoder@0.10.31
22 silly currentTree ├── stringstream@0.0.5
22 silly currentTree ├── strip-ansi@3.0.0
22 silly currentTree ├── supports-color@2.0.0
22 silly currentTree ├── tinycolor@0.0.1
22 silly currentTree ├── tmp@0.0.24
22 silly currentTree ├── tough-cookie@2.2.1
22 silly currentTree ├── tunnel-agent@0.4.2
22 silly currentTree ├── type-is@1.6.11
22 silly currentTree ├── uglify-js@1.2.5
22 silly currentTree ├── uid-safe@2.1.0
22 silly currentTree ├── ultron@1.0.2
22 silly currentTree ├── union@0.3.8
22 silly currentTree ├── unpipe@1.0.0
22 silly currentTree ├── useragent@2.1.8
22 silly currentTree ├── utf-8-validate@1.2.1
22 silly currentTree ├── util-deprecate@1.0.2
22 silly currentTree ├── utile@0.2.1
22 silly currentTree ├── utils-merge@1.0.0
22 silly currentTree ├── vary@1.0.1
22 silly currentTree ├── vhost@3.0.2
22 silly currentTree ├── which@1.2.4
22 silly currentTree ├── wordwrap@0.0.3
22 silly currentTree ├── wrappy@1.0.1
22 silly currentTree ├─┬ ws@0.4.32
22 silly currentTree │ └── nan@1.0.0
22 silly currentTree ├─┬ xml2js@0.4.4
22 silly currentTree │ ├── lodash@4.3.0
22 silly currentTree │ └── xmlbuilder@4.2.1
22 silly currentTree ├── xmlbuilder@0.4.2
22 silly currentTree ├── xmlhttprequest@1.4.2
22 silly currentTree ├── xtend@4.0.1
22 silly currentTree └── zeparser@0.0.5
23 silly idealTree angular-seed@0.0.0
23 silly idealTree ├── accepts@1.2.13
23 silly idealTree ├── accessibility-developer-tools@2.6.0
23 silly idealTree ├── active-x-obfuscator@0.0.1
23 silly idealTree ├── adm-zip@0.4.4
23 silly idealTree ├─┬ agent-base@2.0.1
23 silly idealTree │ └── semver@5.0.3
23 silly idealTree ├── amdefine@1.0.0
23 silly idealTree ├── ansi-regex@2.0.0
23 silly idealTree ├── ansi-styles@2.1.0
23 silly idealTree ├── anymatch@1.3.0
23 silly idealTree ├── arr-diff@2.0.0
23 silly idealTree ├── arr-flatten@1.0.1
23 silly idealTree ├── array-unique@0.2.1
23 silly idealTree ├── arrify@1.0.1
23 silly idealTree ├── asn1@0.1.11
23 silly idealTree ├── assert-plus@0.1.5
23 silly idealTree ├── async-each@0.1.6
23 silly idealTree ├── async@0.2.10
23 silly idealTree ├── aws-sign2@0.5.0
23 silly idealTree ├── balanced-match@0.3.0
23 silly idealTree ├── base64-url@1.2.1
23 silly idealTree ├── base64id@0.1.0
23 silly idealTree ├── basic-auth-connect@1.0.0
23 silly idealTree ├── basic-auth@1.0.3
23 silly idealTree ├── batch@0.5.3
23 silly idealTree ├── binary-extensions@1.4.0
23 silly idealTree ├── bindings@1.2.1
23 silly idealTree ├─┬ bl@0.9.5
23 silly idealTree │ └── readable-stream@1.0.33
23 silly idealTree ├── bluebird@2.10.2
23 silly idealTree ├─┬ body-parser@1.13.3
23 silly idealTree │ └── qs@4.0.0
23 silly idealTree ├── boom@2.10.1
23 silly idealTree ├── bower@1.7.7
23 silly idealTree ├── brace-expansion@1.1.3
23 silly idealTree ├── braces@1.8.3
23 silly idealTree ├── bufferutil@1.2.1
23 silly idealTree ├── bytes@2.1.0
23 silly idealTree ├── caseless@0.10.0
23 silly idealTree ├── chalk@1.1.1
23 silly idealTree ├── chokidar@1.4.2
23 silly idealTree ├── colors@0.6.2
23 silly idealTree ├── combined-stream@1.0.5
23 silly idealTree ├── commander@2.1.0
23 silly idealTree ├── compressible@2.0.7
23 silly idealTree ├── compression@1.5.2
23 silly idealTree ├── concat-map@0.0.1
23 silly idealTree ├── connect-timeout@1.6.2
23 silly idealTree ├─┬ connect@2.30.2
23 silly idealTree │ └── qs@4.0.0
23 silly idealTree ├── content-type@1.0.1
23 silly idealTree ├── cookie-parser@1.3.5
23 silly idealTree ├── cookie-signature@1.0.6
23 silly idealTree ├── cookie@0.1.3
23 silly idealTree ├── core-util-is@1.0.2
23 silly idealTree ├── crc@3.3.0
23 silly idealTree ├── cryptiles@2.0.5
23 silly idealTree ├── csrf@3.0.1
23 silly idealTree ├── csurf@1.8.3
23 silly idealTree ├── ctype@0.5.3
23 silly idealTree ├── debug@2.2.0
23 silly idealTree ├── deep-equal@1.0.1
23 silly idealTree ├── delayed-stream@1.0.0
23 silly idealTree ├── depd@1.0.1
23 silly idealTree ├── destroy@1.0.4
23 silly idealTree ├── di@0.0.1
23 silly idealTree ├─┬ ecstatic@0.4.13
23 silly idealTree │ └── optimist@0.3.7
23 silly idealTree ├── ee-first@1.1.1
23 silly idealTree ├── ent@0.0.7
23 silly idealTree ├─┬ errorhandler@1.4.3
23 silly idealTree │ ├── accepts@1.3.1
23 silly idealTree │ └── negotiator@0.6.0
23 silly idealTree ├── escape-html@1.0.3
23 silly idealTree ├── escape-string-regexp@1.0.4
23 silly idealTree ├── etag@1.7.0
23 silly idealTree ├── exit@0.1.2
23 silly idealTree ├── expand-brackets@0.1.4
23 silly idealTree ├── expand-range@1.8.1
23 silly idealTree ├─┬ express-session@1.11.3
23 silly idealTree │ └── uid-safe@2.0.0
23 silly idealTree ├── extend@3.0.0
23 silly idealTree ├── extglob@0.3.2
23 silly idealTree ├── filename-regex@2.0.0
23 silly idealTree ├── fill-range@2.2.3
23 silly idealTree ├─┬ finalhandler@0.4.0
23 silly idealTree │ └── escape-html@1.0.2
23 silly idealTree ├── for-in@0.1.4
23 silly idealTree ├── for-own@0.1.3
23 silly idealTree ├── forever-agent@0.6.1
23 silly idealTree ├─┬ form-data@0.2.0
23 silly idealTree │ ├── async@0.9.2
23 silly idealTree │ ├── combined-stream@0.0.7
23 silly idealTree │ ├── delayed-stream@0.0.5
23 silly idealTree │ ├── mime-db@1.12.0
23 silly idealTree │ └── mime-types@2.0.14
23 silly idealTree ├── fresh@0.3.0
23 silly idealTree ├─┬ fsevents@1.0.7
23 silly idealTree │ ├── ansi-regex@2.0.0
23 silly idealTree │ ├── ansi-styles@2.1.0
23 silly idealTree │ ├── ansi@0.3.0
23 silly idealTree │ ├── are-we-there-yet@1.0.5
23 silly idealTree │ ├── asn1@0.2.3
23 silly idealTree │ ├── assert-plus@0.1.5
23 silly idealTree │ ├── async@1.5.1
23 silly idealTree │ ├── aws-sign2@0.6.0
23 silly idealTree │ ├── bl@1.0.0
23 silly idealTree │ ├── block-stream@0.0.8
23 silly idealTree │ ├── boom@2.10.1
23 silly idealTree │ ├── caseless@0.11.0
23 silly idealTree │ ├── chalk@1.1.1
23 silly idealTree │ ├── combined-stream@1.0.5
23 silly idealTree │ ├── commander@2.9.0
23 silly idealTree │ ├── core-util-is@1.0.2
23 silly idealTree │ ├── cryptiles@2.0.5
23 silly idealTree │ ├── dashdash@1.11.0
23 silly idealTree │ ├── debug@0.7.4
23 silly idealTree │ ├── deep-extend@0.4.0
23 silly idealTree │ ├── delayed-stream@1.0.0
23 silly idealTree │ ├── delegates@0.1.0
23 silly idealTree │ ├── ecc-jsbn@0.1.1
23 silly idealTree │ ├── escape-string-regexp@1.0.4
23 silly idealTree │ ├── extend@3.0.0
23 silly idealTree │ ├── extsprintf@1.0.2
23 silly idealTree │ ├── forever-agent@0.6.1
23 silly idealTree │ ├── form-data@1.0.0-rc3
23 silly idealTree │ ├─┬ fstream-ignore@1.0.3
23 silly idealTree │ │ └─┬ minimatch@3.0.0
23 silly idealTree │ │   └─┬ brace-expansion@1.1.2
23 silly idealTree │ │     ├── balanced-match@0.3.0
23 silly idealTree │ │     └── concat-map@0.0.1
23 silly idealTree │ ├── fstream@1.0.8
23 silly idealTree │ ├── gauge@1.2.2
23 silly idealTree │ ├── generate-function@2.0.0
23 silly idealTree │ ├── generate-object-property@1.2.0
23 silly idealTree │ ├── graceful-fs@4.1.2
23 silly idealTree │ ├── graceful-readlink@1.0.1
23 silly idealTree │ ├── har-validator@2.0.3
23 silly idealTree │ ├── has-ansi@2.0.0
23 silly idealTree │ ├── has-unicode@1.0.1
23 silly idealTree │ ├── hawk@3.1.2
23 silly idealTree │ ├── hoek@2.16.3
23 silly idealTree │ ├── http-signature@1.1.0
23 silly idealTree │ ├── inherits@2.0.1
23 silly idealTree │ ├── ini@1.3.4
23 silly idealTree │ ├── is-my-json-valid@2.12.3
23 silly idealTree │ ├── is-property@1.0.2
23 silly idealTree │ ├── is-typedarray@1.0.0
23 silly idealTree │ ├── isarray@0.0.1
23 silly idealTree │ ├── isstream@0.1.2
23 silly idealTree │ ├── jodid25519@1.0.2
23 silly idealTree │ ├── jsbn@0.1.0
23 silly idealTree │ ├── json-schema@0.2.2
23 silly idealTree │ ├── json-stringify-safe@5.0.1
23 silly idealTree │ ├── jsonpointer@2.0.0
23 silly idealTree │ ├── jsprim@1.2.2
23 silly idealTree │ ├── lodash._basetostring@3.0.1
23 silly idealTree │ ├── lodash._createpadding@3.6.1
23 silly idealTree │ ├── lodash.pad@3.1.1
23 silly idealTree │ ├── lodash.padleft@3.1.1
23 silly idealTree │ ├── lodash.padright@3.1.1
23 silly idealTree │ ├── lodash.repeat@3.0.1
23 silly idealTree │ ├── mime-db@1.21.0
23 silly idealTree │ ├── mime-types@2.1.9
23 silly idealTree │ ├── minimist@0.0.8
23 silly idealTree │ ├── mkdirp@0.5.1
23 silly idealTree │ ├─┬ node-pre-gyp@0.6.19
23 silly idealTree │ │ └─┬ nopt@3.0.6
23 silly idealTree │ │   └── abbrev@1.0.7
23 silly idealTree │ ├── node-uuid@1.4.7
23 silly idealTree │ ├── npmlog@2.0.0
23 silly idealTree │ ├── oauth-sign@0.8.0
23 silly idealTree │ ├── once@1.1.1
23 silly idealTree │ ├── pinkie-promise@2.0.0
23 silly idealTree │ ├── pinkie@2.0.1
23 silly idealTree │ ├── process-nextick-args@1.0.6
23 silly idealTree │ ├── qs@5.2.0
23 silly idealTree │ ├─┬ rc@1.1.6
23 silly idealTree │ │ └── minimist@1.2.0
23 silly idealTree │ ├── readable-stream@2.0.5
23 silly idealTree │ ├── request@2.67.0
23 silly idealTree │ ├─┬ rimraf@2.5.0
23 silly idealTree │ │ └─┬ glob@6.0.3
23 silly idealTree │ │   ├─┬ inflight@1.0.4
23 silly idealTree │ │   │ └── wrappy@1.0.1
23 silly idealTree │ │   ├── inherits@2.0.1
23 silly idealTree │ │   ├─┬ minimatch@3.0.0
23 silly idealTree │ │   │ └─┬ brace-expansion@1.1.2
23 silly idealTree │ │   │   ├── balanced-match@0.3.0
23 silly idealTree │ │   │   └── concat-map@0.0.1
23 silly idealTree │ │   ├─┬ once@1.3.3
23 silly idealTree │ │   │ └── wrappy@1.0.1
23 silly idealTree │ │   └── path-is-absolute@1.0.0
23 silly idealTree │ ├── semver@5.1.0
23 silly idealTree │ ├── sntp@1.0.9
23 silly idealTree │ ├─┬ sshpk@1.7.2
23 silly idealTree │ │ └── assert-plus@0.2.0
23 silly idealTree │ ├── string_decoder@0.10.31
23 silly idealTree │ ├── stringstream@0.0.5
23 silly idealTree │ ├── strip-ansi@3.0.0
23 silly idealTree │ ├── strip-json-comments@1.0.4
23 silly idealTree │ ├── supports-color@2.0.0
23 silly idealTree │ ├─┬ tar-pack@3.1.2
23 silly idealTree │ │ └─┬ rimraf@2.4.5
23 silly idealTree │ │   └─┬ glob@6.0.3
23 silly idealTree │ │     ├─┬ inflight@1.0.4
23 silly idealTree │ │     │ └── wrappy@1.0.1
23 silly idealTree │ │     ├── inherits@2.0.1
23 silly idealTree │ │     ├─┬ minimatch@3.0.0
23 silly idealTree │ │     │ └─┬ brace-expansion@1.1.2
23 silly idealTree │ │     │   ├── balanced-match@0.3.0
23 silly idealTree │ │     │   └── concat-map@0.0.1
23 silly idealTree │ │     ├─┬ once@1.3.3
23 silly idealTree │ │     │ └── wrappy@1.0.1
23 silly idealTree │ │     └── path-is-absolute@1.0.0
23 silly idealTree │ ├── tar@2.2.1
23 silly idealTree │ ├── tough-cookie@2.2.1
23 silly idealTree │ ├── tunnel-agent@0.4.2
23 silly idealTree │ ├── tweetnacl@0.13.2
23 silly idealTree │ ├── uid-number@0.0.3
23 silly idealTree │ ├── util-deprecate@1.0.2
23 silly idealTree │ ├── verror@1.3.6
23 silly idealTree │ └── xtend@4.0.1
23 silly idealTree ├── generate-function@2.0.0
23 silly idealTree ├── generate-object-property@1.2.0
23 silly idealTree ├── glob-base@0.3.0
23 silly idealTree ├── glob-parent@2.0.0
23 silly idealTree ├── glob@5.0.15
23 silly idealTree ├── graceful-fs@3.0.8
23 silly idealTree ├── graceful-readlink@1.0.1
23 silly idealTree ├─┬ har-validator@1.8.0
23 silly idealTree │ └── commander@2.9.0
23 silly idealTree ├── has-ansi@2.0.0
23 silly idealTree ├── hawk@2.3.1
23 silly idealTree ├── hoek@2.16.3
23 silly idealTree ├── html-entities@1.1.3
23 silly idealTree ├── http-errors@1.3.1
23 silly idealTree ├─┬ http-proxy@0.10.4
23 silly idealTree │ ├── optimist@0.6.1
23 silly idealTree │ └── pkginfo@0.3.1
23 silly idealTree ├── http-server@0.6.1
23 silly idealTree ├── http-signature@0.11.0
23 silly idealTree ├── https-proxy-agent@1.0.0
23 silly idealTree ├── i@0.3.4
23 silly idealTree ├── iconv-lite@0.4.11
23 silly idealTree ├── inflight@1.0.4
23 silly idealTree ├── inherits@2.0.1
23 silly idealTree ├── is-absolute@0.1.7
23 silly idealTree ├── is-binary-path@1.0.1
23 silly idealTree ├── is-buffer@1.1.2
23 silly idealTree ├── is-dotfile@1.0.2
23 silly idealTree ├── is-equal-shallow@0.1.3
23 silly idealTree ├── is-extendable@0.1.1
23 silly idealTree ├── is-extglob@1.0.0
23 silly idealTree ├── is-glob@2.0.1
23 silly idealTree ├── is-my-json-valid@2.12.4
23 silly idealTree ├── is-number@2.1.0
23 silly idealTree ├── is-primitive@2.0.0
23 silly idealTree ├── is-property@1.0.2
23 silly idealTree ├── is-relative@0.1.3
23 silly idealTree ├── isarray@0.0.1
23 silly idealTree ├── isexe@1.1.2
23 silly idealTree ├── isobject@2.0.0
23 silly idealTree ├── isstream@0.1.2
23 silly idealTree ├── jasmine-core@2.4.1
23 silly idealTree ├─┬ jasmine@2.3.2
23 silly idealTree │ ├── glob@3.2.11
23 silly idealTree │ ├── jasmine-core@2.3.4
23 silly idealTree │ └── minimatch@0.3.0
23 silly idealTree ├── jasminewd@1.1.0
23 silly idealTree ├── jasminewd2@0.0.6
23 silly idealTree ├── json-stringify-safe@5.0.1
23 silly idealTree ├── jsonpointer@2.0.0
23 silly idealTree ├── karma-chrome-launcher@0.1.12
23 silly idealTree ├── karma-firefox-launcher@0.1.7
23 silly idealTree ├── karma-jasmine@0.3.7
23 silly idealTree ├── karma-junit-reporter@0.2.2
23 silly idealTree ├─┬ karma@0.12.37
23 silly idealTree │ ├── colors@1.1.2
23 silly idealTree │ ├── mime@1.3.4
23 silly idealTree │ └── optimist@0.6.1
23 silly idealTree ├── kind-of@3.0.2
23 silly idealTree ├── lodash@3.10.1
23 silly idealTree ├─┬ log4js@0.6.31
23 silly idealTree │ └── readable-stream@1.0.33
23 silly idealTree ├── lru-cache@2.2.4
23 silly idealTree ├── media-typer@0.3.0
23 silly idealTree ├── method-override@2.3.5
23 silly idealTree ├── methods@1.1.2
23 silly idealTree ├── micromatch@2.3.7
23 silly idealTree ├── mime-db@1.21.0
23 silly idealTree ├── mime-types@2.1.9
23 silly idealTree ├── mime@1.2.11
23 silly idealTree ├── minijasminenode@1.1.1
23 silly idealTree ├── minimatch@2.0.10
23 silly idealTree ├── minimist@0.0.10
23 silly idealTree ├── mkdirp@0.0.7
23 silly idealTree ├── morgan@1.6.1
23 silly idealTree ├── ms@0.7.1
23 silly idealTree ├─┬ multiparty@3.3.2
23 silly idealTree │ └── readable-stream@1.1.13
23 silly idealTree ├── nan@2.2.0
23 silly idealTree ├── ncp@0.4.2
23 silly idealTree ├── negotiator@0.5.3
23 silly idealTree ├── ng-file-upload@12.0.1
23 silly idealTree ├── node-uuid@1.4.7
23 silly idealTree ├── normalize-path@2.0.1
23 silly idealTree ├── oauth-sign@0.8.1
23 silly idealTree ├── object.omit@2.0.0
23 silly idealTree ├── on-finished@2.3.0
23 silly idealTree ├── on-headers@1.0.1
23 silly idealTree ├── once@1.3.3
23 silly idealTree ├── opener@1.3.0
23 silly idealTree ├── optimist@0.5.2
23 silly idealTree ├── options@0.0.6
23 silly idealTree ├── parse-glob@3.0.4
23 silly idealTree ├── parseurl@1.3.1
23 silly idealTree ├── path-is-absolute@1.0.0
23 silly idealTree ├── pause@0.1.0
23 silly idealTree ├── pkginfo@0.2.3
23 silly idealTree ├── policyfile@0.0.4
23 silly idealTree ├── portfinder@0.2.1
23 silly idealTree ├── preserve@0.2.0
23 silly idealTree ├── process-nextick-args@1.0.6
23 silly idealTree ├─┬ protractor@2.5.1
23 silly idealTree │ ├── glob@3.2.11
23 silly idealTree │ ├── lodash@2.4.2
23 silly idealTree │ ├── minimatch@0.3.0
23 silly idealTree │ ├── optimist@0.6.1
23 silly idealTree │ └── q@1.0.0
23 silly idealTree ├── q@1.4.1
23 silly idealTree ├── qs@0.5.6
23 silly idealTree ├── random-bytes@1.0.0
23 silly idealTree ├── randomatic@1.1.5
23 silly idealTree ├── range-parser@1.0.3
23 silly idealTree ├─┬ raw-body@2.1.5
23 silly idealTree │ ├── bytes@2.2.0
23 silly idealTree │ └── iconv-lite@0.4.13
23 silly idealTree ├── readable-stream@2.0.5
23 silly idealTree ├─┬ readdirp@2.0.0
23 silly idealTree │ └── graceful-fs@4.1.3
23 silly idealTree ├── redis@0.7.3
23 silly idealTree ├── regex-cache@0.4.2
23 silly idealTree ├── repeat-element@1.1.2
23 silly idealTree ├── repeat-string@1.5.2
23 silly idealTree ├─┬ request@2.57.0
23 silly idealTree │ ├── mime-db@1.12.0
23 silly idealTree │ ├── mime-types@2.0.14
23 silly idealTree │ └── qs@3.1.0
23 silly idealTree ├── response-time@2.3.1
23 silly idealTree ├─┬ rimraf@2.5.2
23 silly idealTree │ └── glob@7.0.0
23 silly idealTree ├── rndm@1.2.0
23 silly idealTree ├── saucelabs@1.0.1
23 silly idealTree ├── sax@0.6.1
23 silly idealTree ├── scmp@1.0.0
23 silly idealTree ├─┬ selenium-webdriver@2.47.0
23 silly idealTree │ └── ws@0.8.1
23 silly idealTree ├── semver@4.3.6
23 silly idealTree ├─┬ send@0.13.1
23 silly idealTree │ ├── depd@1.1.0
23 silly idealTree │ └── mime@1.3.4
23 silly idealTree ├── serve-favicon@2.3.0
23 silly idealTree ├── serve-index@1.7.3
23 silly idealTree ├── serve-static@1.10.2
23 silly idealTree ├── shelljs@0.2.6
23 silly idealTree ├── sigmund@1.0.1
23 silly idealTree ├── sntp@1.0.9
23 silly idealTree ├── socket.io-client@0.9.16
23 silly idealTree ├── socket.io@0.9.16
23 silly idealTree ├─┬ source-map-support@0.2.10
23 silly idealTree │ └── source-map@0.1.32
23 silly idealTree ├── source-map@0.4.4
23 silly idealTree ├── statuses@1.2.1
23 silly idealTree ├─┬ stream-counter@0.2.0
23 silly idealTree │ └── readable-stream@1.1.13
23 silly idealTree ├── string_decoder@0.10.31
23 silly idealTree ├── stringstream@0.0.5
23 silly idealTree ├── strip-ansi@3.0.0
23 silly idealTree ├── supports-color@2.0.0
23 silly idealTree ├── tinycolor@0.0.1
23 silly idealTree ├── tmp@0.0.24
23 silly idealTree ├── tough-cookie@2.2.1
23 silly idealTree ├── tunnel-agent@0.4.2
23 silly idealTree ├── type-is@1.6.11
23 silly idealTree ├── uglify-js@1.2.5
23 silly idealTree ├── uid-safe@2.1.0
23 silly idealTree ├── ultron@1.0.2
23 silly idealTree ├── union@0.3.8
23 silly idealTree ├── unpipe@1.0.0
23 silly idealTree ├── useragent@2.1.8
23 silly idealTree ├── utf-8-validate@1.2.1
23 silly idealTree ├── util-deprecate@1.0.2
23 silly idealTree ├── utile@0.2.1
23 silly idealTree ├── utils-merge@1.0.0
23 silly idealTree ├── vary@1.0.1
23 silly idealTree ├── vhost@3.0.2
23 silly idealTree ├── which@1.2.4
23 silly idealTree ├── wordwrap@0.0.3
23 silly idealTree ├── wrappy@1.0.1
23 silly idealTree ├─┬ ws@0.4.32
23 silly idealTree │ └── nan@1.0.0
23 silly idealTree ├─┬ xml2js@0.4.4
23 silly idealTree │ ├── lodash@4.3.0
23 silly idealTree │ └── xmlbuilder@4.2.1
23 silly idealTree ├── xmlbuilder@0.4.2
23 silly idealTree ├── xmlhttprequest@1.4.2
23 silly idealTree ├── xtend@4.0.1
23 silly idealTree └── zeparser@0.0.5
24 silly generateActionsToTake Starting
25 silly install generateActionsToTake
26 silly generateActionsToTake Finishing
27 silly diffTrees action count 1
28 silly diffTrees update ng-file-upload@12.0.1
29 silly decomposeActions action count 8
30 silly decomposeActions fetch ng-file-upload@12.0.1
31 silly decomposeActions extract ng-file-upload@12.0.1
32 silly decomposeActions test ng-file-upload@12.0.1
33 silly decomposeActions preinstall ng-file-upload@12.0.1
34 silly decomposeActions build ng-file-upload@12.0.1
35 silly decomposeActions install ng-file-upload@12.0.1
36 silly decomposeActions postinstall ng-file-upload@12.0.1
37 silly decomposeActions finalize ng-file-upload@12.0.1
38 silly executeActions Starting
39 silly install executeActions
40 silly doSerial global-install 0
41 silly doParallel fetch 1
42 verbose correctMkdir /Users/brandonstookey/.npm/_locks correctMkdir not in flight; initializing
43 verbose lock using /Users/brandonstookey/.npm/_locks/staging-73f420c745eaa4c4.lock for /Users/brandonstookey/Documents/myMVP/MVP/node_modules/.staging
44 silly doParallel extract 1
45 silly extract ng-file-upload@12.0.1
46 verbose unbuild node_modules/.staging/ng-file-upload-aca798d3
47 silly gentlyRm /Users/brandonstookey/Documents/myMVP/MVP/node_modules/.staging/ng-file-upload-aca798d3 is being purged from base /Users/brandonstookey/Documents/myMVP/MVP
48 verbose gentlyRm don't care about contents; nuking /Users/brandonstookey/Documents/myMVP/MVP/node_modules/.staging/ng-file-upload-aca798d3
49 verbose tar unpack /Users/brandonstookey/.npm/ng-file-upload/12.0.1/package.tgz
50 verbose tar unpacking to /Users/brandonstookey/Documents/myMVP/MVP/node_modules/.staging/ng-file-upload-aca798d3
51 silly gentlyRm /Users/brandonstookey/Documents/myMVP/MVP/node_modules/.staging/ng-file-upload-aca798d3 is being purged
52 verbose gentlyRm don't care about contents; nuking /Users/brandonstookey/Documents/myMVP/MVP/node_modules/.staging/ng-file-upload-aca798d3
53 silly gunzTarPerm modes [ '755', '644' ]
54 silly gunzTarPerm extractEntry package.json
55 silly gunzTarPerm extractEntry .npmignore
56 silly gunzTarPerm extractEntry README.md
57 silly gunzTarPerm extractEntry LICENSE
58 silly gunzTarPerm extractEntry Gruntfile.js
59 silly gunzTarPerm extractEntry index.js
60 silly gunzTarPerm extractEntry demo/.idea/encodings.xml
61 silly gunzTarPerm extractEntry demo/.idea/.name
62 silly gunzTarPerm extractEntry demo/.idea/codeStyleSettings.xml
63 silly gunzTarPerm extractEntry demo/.idea/compiler.xml
64 silly gunzTarPerm extractEntry demo/.idea/copyright/profiles_settings.xml
65 silly gunzTarPerm extractEntry demo/.idea/artifacts/ng_file_upload_demo_server_war.xml
66 silly gunzTarPerm extractEntry demo/.idea/artifacts/ng_file_upload_demo_server_war_exploded.xml
67 silly gunzTarPerm extractEntry demo/.idea/libraries/Maven__com_google_appengine_appengine_api_1_0_sdk_1_9_18.xml
68 silly gunzTarPerm extractEntry demo/.idea/libraries/Maven__com_google_appengine_appengine_endpoints_1_9_18.xml
69 silly gunzTarPerm extractEntry demo/.idea/libraries/Maven__commons_fileupload_commons_fileupload_1_2.xml
70 silly gunzTarPerm extractEntry demo/.idea/libraries/Maven__javax_inject_javax_inject_1.xml
71 silly gunzTarPerm extractEntry demo/.idea/libraries/Maven__javax_servlet_servlet_api_2_5.xml
72 silly gunzTarPerm extractEntry demo/.idea/misc.xml
73 silly gunzTarPerm extractEntry demo/.idea/modules.xml
74 silly gunzTarPerm extractEntry demo/.idea/vcs.xml
75 silly gunzTarPerm extractEntry demo/.idea/workspace.xml
76 silly gunzTarPerm extractEntry demo/C#/UploadController.js
77 silly gunzTarPerm extractEntry demo/C#/UploadHandler.ashx
78 silly gunzTarPerm extractEntry demo/C#/UploadHandler.ashx.cs
79 silly gunzTarPerm extractEntry demo/pom.xml
80 silly gunzTarPerm extractEntry demo/src/main/java/com/df/angularfileupload/CORSFilter.java
81 silly gunzTarPerm extractEntry demo/src/main/java/com/df/angularfileupload/FileUpload.java
82 silly gunzTarPerm extractEntry demo/src/main/java/com/df/angularfileupload/S3Signature.java
83 silly gunzTarPerm extractEntry demo/src/main/resources/META-INF/jdoconfig.xml
84 silly gunzTarPerm extractEntry demo/src/main/resources/META-INF/persistence.xml
85 silly gunzTarPerm extractEntry demo/src/main/resources/log4j.properties
86 silly gunzTarPerm extractEntry demo/src/main/webapp/WEB-INF/appengine-web.xml
87 silly gunzTarPerm extractEntry demo/src/main/webapp/WEB-INF/logging.properties
88 silly gunzTarPerm extractEntry demo/src/main/webapp/WEB-INF/web.xml
89 silly gunzTarPerm extractEntry demo/src/main/webapp/common.css
90 silly gunzTarPerm extractEntry demo/src/main/webapp/crossdomain.xml
91 silly gunzTarPerm extractEntry demo/src/main/webapp/donate.html
92 silly gunzTarPerm extractEntry demo/src/main/webapp/favicon.ico
93 silly gunzTarPerm extractEntry demo/src/main/webapp/img/tea.jpg
94 silly gunzTarPerm extractEntry demo/src/main/webapp/img/tea.png
95 silly gunzTarPerm extractEntry demo/src/main/webapp/index.html
96 silly gunzTarPerm extractEntry demo/src/main/webapp/js/upload.js
97 silly gunzTarPerm extractEntry demo/src/main/webapp/js/FileAPI.min.js
98 silly gunzTarPerm extractEntry demo/src/main/webapp/js/ng-file-upload-all.js
99 silly gunzTarPerm extractEntry demo/src/main/webapp/js/ng-file-upload-all.min.js
100 silly gunzTarPerm extractEntry demo/src/main/webapp/js/ng-file-upload-shim.js
101 silly gunzTarPerm extractEntry demo/src/main/webapp/js/FileAPI.js
102 silly gunzTarPerm extractEntry demo/src/main/webapp/js/ng-file-upload.js
103 silly gunzTarPerm extractEntry demo/src/main/webapp/js/ng-file-upload.min.js
104 silly gunzTarPerm extractEntry demo/src/main/webapp/js/ng-img-crop.js
105 silly gunzTarPerm extractEntry demo/src/main/webapp/js/ng-file-upload-shim.min.js
106 silly gunzTarPerm extractEntry demo/src/main/webapp/js/ng-img-crop.css
107 silly gunzTarPerm extractEntry demo/src/main/webapp/js/FileAPI.flash.swf
108 silly gunzTarPerm extractEntry demo/target/maven-archiver/pom.properties
109 silly gunzTarPerm extractEntry demo/target/maven-status/maven-compiler-plugin/compile/default-compile/createdFiles.lst
110 silly gunzTarPerm extractEntry demo/target/maven-status/maven-compiler-plugin/compile/default-compile/inputFiles.lst
111 silly gunzTarPerm extractEntry demo/target/ng-file-upload-demo-server-0.0.1/META-INF/MANIFEST.MF
112 silly gunzTarPerm extractEntry demo/target/ng-file-upload-demo-server-0.0.1/WEB-INF/appengine-web.xml
113 silly gunzTarPerm extractEntry demo/target/ng-file-upload-demo-server-0.0.1/WEB-INF/classes/META-INF/jdoconfig.xml
114 silly gunzTarPerm extractEntry demo/target/ng-file-upload-demo-server-0.0.1/WEB-INF/classes/META-INF/persistence.xml
115 silly gunzTarPerm extractEntry demo/target/ng-file-upload-demo-server-0.0.1/WEB-INF/classes/com/df/angularfileupload/CORSFilter.class
116 silly gunzTarPerm extractEntry demo/target/ng-file-upload-demo-server-0.0.1/WEB-INF/classes/com/df/angularfileupload/FileUpload$SizeEntry.class
117 silly gunzTarPerm extractEntry demo/target/ng-file-upload-demo-server-0.0.1/WEB-INF/classes/com/df/angularfileupload/FileUpload.class
118 silly gunzTarPerm extractEntry demo/target/ng-file-upload-demo-server-0.0.1/WEB-INF/classes/com/df/angularfileupload/S3Signature.class
119 silly gunzTarPerm extractEntry demo/target/ng-file-upload-demo-server-0.0.1/WEB-INF/classes/log4j.properties
120 silly gunzTarPerm extractEntry demo/target/ng-file-upload-demo-server-0.0.1/WEB-INF/logging.properties
121 silly gunzTarPerm extractEntry demo/target/ng-file-upload-demo-server-0.0.1/WEB-INF/web.xml
122 silly gunzTarPerm extractEntry demo/target/ng-file-upload-demo-server-0.0.1/common.css
123 silly gunzTarPerm extractEntry demo/target/ng-file-upload-demo-server-0.0.1/crossdomain.xml
124 silly gunzTarPerm extractEntry demo/target/ng-file-upload-demo-server-0.0.1/donate.html
125 silly gunzTarPerm extractEntry demo/target/ng-file-upload-demo-server-0.0.1/favicon.ico
126 silly gunzTarPerm extractEntry demo/target/ng-file-upload-demo-server-0.0.1/img/tea.jpg
127 silly gunzTarPerm extractEntry demo/target/ng-file-upload-demo-server-0.0.1/img/tea.png
128 silly gunzTarPerm extractEntry demo/target/ng-file-upload-demo-server-0.0.1/index.html
129 silly gunzTarPerm extractEntry demo/target/ng-file-upload-demo-server-0.0.1/js/upload.js
130 silly gunzTarPerm extractEntry demo/target/ng-file-upload-demo-server-0.0.1/js/FileAPI.min.js
131 silly gunzTarPerm extractEntry demo/target/ng-file-upload-demo-server-0.0.1/js/ng-file-upload-all.js
132 silly gunzTarPerm extractEntry demo/target/ng-file-upload-demo-server-0.0.1/js/ng-file-upload-all.min.js
133 silly gunzTarPerm extractEntry demo/target/ng-file-upload-demo-server-0.0.1/js/ng-file-upload-shim.js
134 silly gunzTarPerm extractEntry demo/target/ng-file-upload-demo-server-0.0.1/js/FileAPI.js
135 silly gunzTarPerm extractEntry demo/target/ng-file-upload-demo-server-0.0.1/js/ng-file-upload.js
136 silly gunzTarPerm extractEntry demo/target/ng-file-upload-demo-server-0.0.1/js/ng-file-upload.min.js
137 silly gunzTarPerm extractEntry demo/target/ng-file-upload-demo-server-0.0.1/js/ng-img-crop.js
138 silly gunzTarPerm extractEntry demo/target/ng-file-upload-demo-server-0.0.1/js/ng-file-upload-shim.min.js
139 silly gunzTarPerm extractEntry demo/target/ng-file-upload-demo-server-0.0.1/js/ng-img-crop.css
140 silly gunzTarPerm extractEntry demo/target/ng-file-upload-demo-server-0.0.1/js/FileAPI.flash.swf
141 silly gunzTarPerm extractEntry .jshintrc
142 silly gunzTarPerm extractEntry dist/FileAPI.js
143 silly gunzTarPerm extractEntry dist/FileAPI.min.js
144 silly gunzTarPerm extractEntry dist/ng-file-upload-all.js
145 silly gunzTarPerm extractEntry dist/ng-file-upload-all.min.js
146 silly gunzTarPerm extractEntry dist/ng-file-upload-shim.js
147 silly gunzTarPerm extractEntry dist/ng-file-upload-shim.min.js
148 silly gunzTarPerm extractEntry dist/ng-file-upload.js
149 silly gunzTarPerm extractEntry dist/ng-file-upload.min.js
150 silly gunzTarPerm extractEntry dist/FileAPI.flash.swf
151 silly gunzTarPerm extractEntry src/validate.js
152 silly gunzTarPerm extractEntry src/drop.js
153 silly gunzTarPerm extractEntry src/exif.js
154 silly gunzTarPerm extractEntry src/model.js
155 silly gunzTarPerm extractEntry src/data-url.js
156 silly gunzTarPerm extractEntry src/select.js
157 silly gunzTarPerm extractEntry src/shim-elem.js
158 silly gunzTarPerm extractEntry src/shim-filereader.js
159 silly gunzTarPerm extractEntry src/shim-upload.js
160 silly gunzTarPerm extractEntry src/upload.js
161 silly gunzTarPerm extractEntry src/FileAPI.js
162 silly gunzTarPerm extractEntry src/resize.js
163 silly gunzTarPerm extractEntry src/FileAPI.flash.swf
164 silly gunzTarPerm modified mode [ 'src/FileAPI.flash.swf', 416, 420 ]
165 silly gunzTarPerm extractEntry nuget/NuGet.exe
166 silly gunzTarPerm modified mode [ 'nuget/NuGet.exe', 416, 420 ]
167 silly gunzTarPerm extractEntry nuget/Package.nuspec
168 silly gunzTarPerm extractEntry nuget/build.bat
169 silly gunzTarPerm extractEntry nuget/nuget.sh
170 silly gunzTarPerm extractEntry release.sh
171 silly gunzTarPerm extractEntry test/.bowerrc
172 silly gunzTarPerm extractEntry test/bower.json
173 silly gunzTarPerm extractEntry test/index.html
174 silly gunzTarPerm extractEntry test/spec/test.js
175 silly gentlyRm /Users/brandonstookey/Documents/myMVP/MVP/node_modules/.staging/ng-file-upload-aca798d3/node_modules is being purged
176 verbose gentlyRm don't care about contents; nuking /Users/brandonstookey/Documents/myMVP/MVP/node_modules/.staging/ng-file-upload-aca798d3/node_modules
177 silly doParallel preinstall 1
178 silly preinstall ng-file-upload@12.0.1 /Users/brandonstookey/Documents/myMVP/MVP/node_modules/.staging/ng-file-upload-aca798d3
179 info lifecycle ng-file-upload@12.0.1~preinstall: ng-file-upload@12.0.1
180 silly lifecycle ng-file-upload@12.0.1~preinstall: no script for preinstall, continuing
181 silly doReverseSerial remove 0
182 silly doSerial move 0
183 silly doSerial finalize 1
184 silly finalize /Users/brandonstookey/Documents/myMVP/MVP/node_modules/ng-file-upload
185 silly doSerial build 1
186 silly build ng-file-upload@12.0.1
187 info linkStuff ng-file-upload@12.0.1
188 silly linkStuff ng-file-upload@12.0.1 has /Users/brandonstookey/Documents/myMVP/MVP/node_modules as its parent node_modules
189 verbose linkBins ng-file-upload@12.0.1
190 verbose linkMans ng-file-upload@12.0.1
191 silly doSerial global-link 0
192 silly doParallel update-linked 0
193 silly doSerial install 1
194 silly install ng-file-upload@12.0.1 /Users/brandonstookey/Documents/myMVP/MVP/node_modules/.staging/ng-file-upload-aca798d3
195 info lifecycle ng-file-upload@12.0.1~install: ng-file-upload@12.0.1
196 silly lifecycle ng-file-upload@12.0.1~install: no script for install, continuing
197 silly doSerial postinstall 1
198 silly postinstall ng-file-upload@12.0.1 /Users/brandonstookey/Documents/myMVP/MVP/node_modules/.staging/ng-file-upload-aca798d3
199 info lifecycle ng-file-upload@12.0.1~postinstall: ng-file-upload@12.0.1
200 silly lifecycle ng-file-upload@12.0.1~postinstall: no script for postinstall, continuing
201 verbose unlock done using /Users/brandonstookey/.npm/_locks/staging-73f420c745eaa4c4.lock for /Users/brandonstookey/Documents/myMVP/MVP/node_modules/.staging
202 silly executeActions Finishing
203 silly rollbackFailedOptional Starting
204 silly rollbackFailedOptional Finishing
205 silly runTopLevelLifecycles Starting
206 silly install runTopLevelLifecycles
207 silly preinstall angular-seed@0.0.0 /Users/brandonstookey/Documents/myMVP/MVP/angular-seed-208d5883
208 info lifecycle angular-seed@0.0.0~preinstall: angular-seed@0.0.0
209 silly lifecycle angular-seed@0.0.0~preinstall: no script for preinstall, continuing
210 silly build angular-seed@0.0.0
211 info linkStuff angular-seed@0.0.0
212 silly linkStuff angular-seed@0.0.0 has /Users/brandonstookey/Documents/myMVP as its parent node_modules
213 verbose linkBins angular-seed@0.0.0
214 verbose linkMans angular-seed@0.0.0
215 silly install angular-seed@0.0.0 /Users/brandonstookey/Documents/myMVP/MVP/angular-seed-208d5883
216 info lifecycle angular-seed@0.0.0~install: angular-seed@0.0.0
217 silly lifecycle angular-seed@0.0.0~install: no script for install, continuing
218 silly postinstall angular-seed@0.0.0 /Users/brandonstookey/Documents/myMVP/MVP/angular-seed-208d5883
219 info lifecycle angular-seed@0.0.0~postinstall: angular-seed@0.0.0
220 verbose lifecycle angular-seed@0.0.0~postinstall: unsafe-perm in lifecycle true
221 verbose lifecycle angular-seed@0.0.0~postinstall: PATH: /usr/local/lib/node_modules/npm/bin/node-gyp-bin:/Users/brandonstookey/Documents/myMVP/MVP/node_modules/.bin:/usr/local/bin:/usr/local/bin:/usr/bin:/bin:/usr/sbin:/sbin
222 verbose lifecycle angular-seed@0.0.0~postinstall: CWD: /Users/brandonstookey/Documents/myMVP/MVP
223 silly lifecycle angular-seed@0.0.0~postinstall: Args: [ '-c', 'bower install' ]
224 silly lifecycle angular-seed@0.0.0~postinstall: Returned: code: 1  signal: null
225 info lifecycle angular-seed@0.0.0~postinstall: Failed to exec postinstall script
226 verbose stack Error: angular-seed@0.0.0 postinstall: `bower install`
226 verbose stack Exit status 1
226 verbose stack     at EventEmitter.<anonymous> (/usr/local/lib/node_modules/npm/lib/utils/lifecycle.js:239:16)
226 verbose stack     at EventEmitter.emit (events.js:110:17)
226 verbose stack     at ChildProcess.<anonymous> (/usr/local/lib/node_modules/npm/lib/utils/spawn.js:24:14)
226 verbose stack     at ChildProcess.emit (events.js:110:17)
226 verbose stack     at maybeClose (child_process.js:1015:16)
226 verbose stack     at Process.ChildProcess._handle.onexit (child_process.js:1087:5)
227 verbose pkgid angular-seed@0.0.0
228 verbose cwd /Users/brandonstookey/Documents/myMVP/MVP/app
229 error Darwin 15.0.0
230 error argv "node" "/usr/local/bin/npm" "install"
231 error node v0.12.7
232 error npm  v3.7.1
233 error code ELIFECYCLE
234 error angular-seed@0.0.0 postinstall: `bower install`
234 error Exit status 1
235 error Failed at the angular-seed@0.0.0 postinstall script 'bower install'.
235 error Make sure you have the latest version of node.js and npm installed.
235 error If you do, this is most likely a problem with the angular-seed package,
235 error not with npm itself.
235 error Tell the author that this fails on your system:
235 error     bower install
235 error You can get information on how to open an issue for this project with:
235 error     npm bugs angular-seed
235 error Or if that isn't available, you can get their info via:
235 error     npm owner ls angular-seed
235 error There is likely additional logging output above.
236 verbose exit [ 1, true ]
